[      28ms] [INFO] %cDownload the React DevTools for a better development experience: https://reactjs.org/link/react-devtools font-weight:bold @ http://localhost:3000/static/js/bundle.js:38419
[      61ms] [WARNING] ⚠️ React Router Future Flag Warning: React Router will begin wrapping state updates in `React.startTransition` in v7. You can use the `v7_startTransition` future flag to opt-in early. For more information, see https://reactrouter.com/v6/upgrading/future#v7_starttransition. @ http://localhost:3000/static/js/bundle.js:41705
[      61ms] [WARNING] ⚠️ React Router Future Flag Warning: Relative route resolution within Splat routes is changing in v7. You can use the `v7_relativeSplatPath` future flag to opt-in early. For more information, see https://reactrouter.com/v6/upgrading/future#v7_relativesplatpath. @ http://localhost:3000/static/js/bundle.js:41705
[ 3290536ms] [ERROR] Warning: Invalid DOM property `%s`. Did you mean `%s`?%s fill-rule fillRule 
    at svg
    at a
    at LinkWithRef (http://localhost:3000/static/js/bundle.js:39976:7)
    at div
    at ProjectCardDetail (http://localhost:3000/static/js/bundle.js:476:66)
    at RenderedRoute (http://localhost:3000/static/js/bundle.js:41289:5)
    at Routes (http://localhost:3000/static/js/bundle.js:42023:5)
    at div
    at div
    at Router (http://localhost:3000/static/js/bundle.js:41957:15)
    at BrowserRouter (http://localhost:3000/static/js/bundle.js:39858:5)
    at App @ http://localhost:3000/static/js/bundle.js:12732
[ 3290536ms] [ERROR] Warning: Invalid DOM property `%s`. Did you mean `%s`?%s clip-rule clipRule 
    at svg
    at a
    at LinkWithRef (http://localhost:3000/static/js/bundle.js:39976:7)
    at div
    at ProjectCardDetail (http://localhost:3000/static/js/bundle.js:476:66)
    at RenderedRoute (http://localhost:3000/static/js/bundle.js:41289:5)
    at Routes (http://localhost:3000/static/js/bundle.js:42023:5)
    at div
    at div
    at Router (http://localhost:3000/static/js/bundle.js:41957:15)
    at BrowserRouter (http://localhost:3000/static/js/bundle.js:39858:5)
    at App @ http://localhost:3000/static/js/bundle.js:12732
